<?xml version="1.0" encoding="UTF-8"?>
<coverage generated="1758511930768" clover="3.2.0">
  <project timestamp="1758511930768" name="All files">
    <metrics statements="32" coveredstatements="27" conditionals="4" coveredconditionals="2" methods="13" coveredmethods="9" elements="49" coveredelements="38" complexity="0" loc="32" ncloc="32" packages="2" files="6" classes="6"/>
    <package name="components">
      <metrics statements="23" coveredstatements="20" conditionals="4" coveredconditionals="2" methods="9" coveredmethods="7"/>
      <file name="ContactUs.js" path="C:\Users\singh\Desktop\Tutorials\namaste-react\Ep13 Time for the Test\Code\src\components\ContactUs.js">
        <metrics statements="2" coveredstatements="2" conditionals="0" coveredconditionals="0" methods="1" coveredmethods="1"/>
        <line num="1" count="1" type="stmt"/>
        <line num="2" count="4" type="stmt"/>
      </file>
      <file name="Header.js" path="C:\Users\singh\Desktop\Tutorials\namaste-react\Ep13 Time for the Test\Code\src\components\Header.js">
        <metrics statements="9" coveredstatements="9" conditionals="4" coveredconditionals="2" methods="2" coveredmethods="2"/>
        <line num="7" count="1" type="stmt"/>
        <line num="8" count="4" type="stmt"/>
        <line num="10" count="4" type="stmt"/>
        <line num="11" count="4" type="stmt"/>
        <line num="12" count="4" type="stmt"/>
        <line num="14" count="4" type="stmt"/>
        <line num="15" count="4" type="stmt"/>
        <line num="46" count="1" type="cond" truecount="1" falsecount="1"/>
        <line num="47" count="1" type="stmt"/>
      </file>
      <file name="RestaurantCard.js" path="C:\Users\singh\Desktop\Tutorials\namaste-react\Ep13 Time for the Test\Code\src\components\RestaurantCard.js">
        <metrics statements="10" coveredstatements="7" conditionals="0" coveredconditionals="0" methods="5" coveredmethods="3"/>
        <line num="3" count="1" type="stmt"/>
        <line num="5" count="5" type="stmt"/>
        <line num="13" count="4" type="stmt"/>
        <line num="16" count="0" type="stmt"/>
        <line num="43" count="1" type="stmt"/>
        <line num="44" count="0" type="stmt"/>
        <line num="45" count="0" type="stmt"/>
        <line num="54" count="1" type="stmt"/>
        <line num="55" count="1" type="stmt"/>
        <line num="56" count="3" type="stmt"/>
      </file>
      <file name="sum.js" path="C:\Users\singh\Desktop\Tutorials\namaste-react\Ep13 Time for the Test\Code\src\components\sum.js">
        <metrics statements="2" coveredstatements="2" conditionals="0" coveredconditionals="0" methods="1" coveredmethods="1"/>
        <line num="1" count="1" type="stmt"/>
        <line num="2" count="1" type="stmt"/>
      </file>
    </package>
    <package name="utlis">
      <metrics statements="9" coveredstatements="7" conditionals="0" coveredconditionals="0" methods="4" coveredmethods="2"/>
      <file name="UserContext.js" path="C:\Users\singh\Desktop\Tutorials\namaste-react\Ep13 Time for the Test\Code\src\utlis\UserContext.js">
        <metrics statements="1" coveredstatements="1" conditionals="0" coveredconditionals="0" methods="0" coveredmethods="0"/>
        <line num="3" count="1" type="stmt"/>
      </file>
      <file name="useOnlineStatus.js" path="C:\Users\singh\Desktop\Tutorials\namaste-react\Ep13 Time for the Test\Code\src\utlis\useOnlineStatus.js">
        <metrics statements="8" coveredstatements="6" conditionals="0" coveredconditionals="0" methods="4" coveredmethods="2"/>
        <line num="3" count="1" type="stmt"/>
        <line num="5" count="4" type="stmt"/>
        <line num="8" count="4" type="stmt"/>
        <line num="9" count="3" type="stmt"/>
        <line num="10" count="0" type="stmt"/>
        <line num="13" count="3" type="stmt"/>
        <line num="14" count="0" type="stmt"/>
        <line num="19" count="4" type="stmt"/>
      </file>
    </package>
  </project>
</coverage>
