<?xml version="1.0" encoding="UTF-8"?>
<coverage generated="1758608340300" clover="3.2.0">
  <project timestamp="1758608340301" name="All files">
    <metrics statements="73" coveredstatements="63" conditionals="12" coveredconditionals="8" methods="26" coveredmethods="18" elements="111" coveredelements="89" complexity="0" loc="73" ncloc="73" packages="2" files="10" classes="10"/>
    <package name="components">
      <metrics statements="46" coveredstatements="38" conditionals="12" coveredconditionals="8" methods="19" coveredmethods="13"/>
      <file name="Body.js" path="C:\Users\Pooja Singh\Desktop\namaste-react\Ep13 Time for the Test\Code\src\components\Body.js">
        <metrics statements="21" coveredstatements="15" conditionals="8" coveredconditionals="6" methods="9" coveredmethods="5"/>
        <line num="11" count="1" type="stmt"/>
        <line num="13" count="9" type="stmt"/>
        <line num="15" count="9" type="stmt"/>
        <line num="17" count="9" type="stmt"/>
        <line num="18" count="9" type="stmt"/>
        <line num="19" count="9" type="stmt"/>
        <line num="21" count="9" type="stmt"/>
        <line num="23" count="9" type="stmt"/>
        <line num="24" count="4" type="stmt"/>
        <line num="29" count="1" type="stmt"/>
        <line num="30" count="20" type="stmt"/>
        <line num="32" count="1" type="stmt"/>
        <line num="37" count="0" type="stmt"/>
        <line num="38" count="0" type="stmt"/>
        <line num="41" count="0" type="stmt"/>
        <line num="44" count="9" type="cond" truecount="1" falsecount="1"/>
        <line num="45" count="0" type="stmt"/>
        <line num="51" count="9" type="cond" truecount="2" falsecount="0"/>
        <line num="72" count="0" type="stmt"/>
        <line num="90" count="0" type="stmt"/>
        <line num="104" count="47" type="stmt"/>
      </file>
      <file name="ContactUs.js" path="C:\Users\Pooja Singh\Desktop\namaste-react\Ep13 Time for the Test\Code\src\components\ContactUs.js">
        <metrics statements="2" coveredstatements="2" conditionals="0" coveredconditionals="0" methods="1" coveredmethods="1"/>
        <line num="1" count="1" type="stmt"/>
        <line num="2" count="4" type="stmt"/>
      </file>
      <file name="Header.js" path="C:\Users\Pooja Singh\Desktop\namaste-react\Ep13 Time for the Test\Code\src\components\Header.js">
        <metrics statements="9" coveredstatements="9" conditionals="4" coveredconditionals="2" methods="2" coveredmethods="2"/>
        <line num="7" count="1" type="stmt"/>
        <line num="8" count="4" type="stmt"/>
        <line num="10" count="4" type="stmt"/>
        <line num="11" count="4" type="stmt"/>
        <line num="12" count="4" type="stmt"/>
        <line num="14" count="4" type="stmt"/>
        <line num="15" count="4" type="stmt"/>
        <line num="46" count="1" type="cond" truecount="1" falsecount="1"/>
        <line num="47" count="1" type="stmt"/>
      </file>
      <file name="RestaurantCard.js" path="C:\Users\Pooja Singh\Desktop\namaste-react\Ep13 Time for the Test\Code\src\components\RestaurantCard.js">
        <metrics statements="10" coveredstatements="8" conditionals="0" coveredconditionals="0" methods="5" coveredmethods="3"/>
        <line num="3" count="1" type="stmt"/>
        <line num="5" count="47" type="stmt"/>
        <line num="13" count="47" type="stmt"/>
        <line num="16" count="47" type="stmt"/>
        <line num="46" count="1" type="stmt"/>
        <line num="47" count="0" type="stmt"/>
        <line num="48" count="0" type="stmt"/>
        <line num="57" count="1" type="stmt"/>
        <line num="58" count="9" type="stmt"/>
        <line num="59" count="47" type="stmt"/>
      </file>
      <file name="Shimmer.js" path="C:\Users\Pooja Singh\Desktop\namaste-react\Ep13 Time for the Test\Code\src\components\Shimmer.js">
        <metrics statements="2" coveredstatements="2" conditionals="0" coveredconditionals="0" methods="1" coveredmethods="1"/>
        <line num="1" count="1" type="stmt"/>
        <line num="2" count="4" type="stmt"/>
      </file>
      <file name="sum.js" path="C:\Users\Pooja Singh\Desktop\namaste-react\Ep13 Time for the Test\Code\src\components\sum.js">
        <metrics statements="2" coveredstatements="2" conditionals="0" coveredconditionals="0" methods="1" coveredmethods="1"/>
        <line num="1" count="1" type="stmt"/>
        <line num="2" count="1" type="stmt"/>
      </file>
    </package>
    <package name="utlis">
      <metrics statements="27" coveredstatements="25" conditionals="0" coveredconditionals="0" methods="7" coveredmethods="5"/>
      <file name="UserContext.js" path="C:\Users\Pooja Singh\Desktop\namaste-react\Ep13 Time for the Test\Code\src\utlis\UserContext.js">
        <metrics statements="1" coveredstatements="1" conditionals="0" coveredconditionals="0" methods="0" coveredmethods="0"/>
        <line num="3" count="2" type="stmt"/>
      </file>
      <file name="constants.js" path="C:\Users\Pooja Singh\Desktop\namaste-react\Ep13 Time for the Test\Code\src\utlis\constants.js">
        <metrics statements="3" coveredstatements="3" conditionals="0" coveredconditionals="0" methods="0" coveredmethods="0"/>
        <line num="2" count="1" type="stmt"/>
        <line num="5" count="1" type="stmt"/>
        <line num="8" count="1" type="stmt"/>
      </file>
      <file name="useOnlineStatus.js" path="C:\Users\Pooja Singh\Desktop\namaste-react\Ep13 Time for the Test\Code\src\utlis\useOnlineStatus.js">
        <metrics statements="8" coveredstatements="6" conditionals="0" coveredconditionals="0" methods="4" coveredmethods="2"/>
        <line num="3" count="2" type="stmt"/>
        <line num="5" count="13" type="stmt"/>
        <line num="8" count="13" type="stmt"/>
        <line num="9" count="5" type="stmt"/>
        <line num="10" count="0" type="stmt"/>
        <line num="13" count="5" type="stmt"/>
        <line num="14" count="0" type="stmt"/>
        <line num="19" count="13" type="stmt"/>
      </file>
      <file name="useRestaurantList.js" path="C:\Users\Pooja Singh\Desktop\namaste-react\Ep13 Time for the Test\Code\src\utlis\useRestaurantList.js">
        <metrics statements="15" coveredstatements="15" conditionals="0" coveredconditionals="0" methods="3" coveredmethods="3"/>
        <line num="4" count="1" type="stmt"/>
        <line num="7" count="9" type="stmt"/>
        <line num="13" count="9" type="stmt"/>
        <line num="14" count="2" type="stmt"/>
        <line num="15" count="2" type="stmt"/>
        <line num="16" count="2" type="stmt"/>
        <line num="19" count="9" type="stmt"/>
        <line num="20" count="2" type="stmt"/>
        <line num="21" count="2" type="stmt"/>
        <line num="23" count="2" type="stmt"/>
        <line num="24" count="2" type="stmt"/>
        <line num="27" count="2" type="stmt"/>
        <line num="30" count="2" type="stmt"/>
        <line num="32" count="2" type="stmt"/>
        <line num="35" count="9" type="stmt"/>
      </file>
    </package>
  </project>
</coverage>
