{"C:\\Users\\singh\\Desktop\\Tutorials\\namaste-react\\Ep13 Time for the Test\\Code\\src\\components\\ContactUs.js": {"path":"C:\\Users\\singh\\Desktop\\Tutorials\\namaste-react\\Ep13 Time for the Test\\Code\\src\\components\\ContactUs.js","statementMap":{"0":{"start":{"line":1,"column":18},"end":{"line":20,"column":1}},"1":{"start":{"line":2,"column":2},"end":{"line":19,"column":4}}},"fnMap":{"0":{"name":"(anonymous_0)","decl":{"start":{"line":1,"column":18},"end":{"line":1,"column":19}},"loc":{"start":{"line":1,"column":24},"end":{"line":20,"column":1}},"line":1}},"branchMap":{},"s":{"0":1,"1":4},"f":{"0":4},"b":{},"_coverageSchema":"1a1c01bbd47fc00a2c39e90264f33305004495a9","hash":"42ad27a3d3d09c6f7a7dfbc75a8e0de3a738fc58"}
,"C:\\Users\\singh\\Desktop\\Tutorials\\namaste-react\\Ep13 Time for the Test\\Code\\src\\components\\sum.js": {"path":"C:\\Users\\singh\\Desktop\\Tutorials\\namaste-react\\Ep13 Time for the Test\\Code\\src\\components\\sum.js","statementMap":{"0":{"start":{"line":1,"column":19},"end":{"line":3,"column":1}},"1":{"start":{"line":2,"column":2},"end":{"line":2,"column":15}}},"fnMap":{"0":{"name":"(anonymous_0)","decl":{"start":{"line":1,"column":19},"end":{"line":1,"column":20}},"loc":{"start":{"line":1,"column":29},"end":{"line":3,"column":1}},"line":1}},"branchMap":{},"s":{"0":1,"1":1},"f":{"0":1},"b":{},"_coverageSchema":"1a1c01bbd47fc00a2c39e90264f33305004495a9","hash":"fbd2111a37eae7eaf3d0885f835f61b2c44fd585"}
}
