{"C:\\Users\\Pooja Singh\\Desktop\\namaste-react\\Ep13 Time for the Test\\Code\\src\\components\\Body.js": {"path":"C:\\Users\\Pooja Singh\\Desktop\\namaste-react\\Ep13 Time for the Test\\Code\\src\\components\\Body.js","statementMap":{"0":{"start":{"line":11,"column":13},"end":{"line":119,"column":1}},"1":{"start":{"line":13,"column":40},"end":{"line":13,"column":63}},"2":{"start":{"line":15,"column":25},"end":{"line":15,"column":44}},"3":{"start":{"line":17,"column":54},"end":{"line":17,"column":66}},"4":{"start":{"line":18,"column":38},"end":{"line":18,"column":50}},"5":{"start":{"line":19,"column":23},"end":{"line":19,"column":40}},"6":{"start":{"line":21,"column":27},"end":{"line":21,"column":51}},"7":{"start":{"line":23,"column":2},"end":{"line":25,"column":23}},"8":{"start":{"line":24,"column":4},"end":{"line":24,"column":42}},"9":{"start":{"line":29,"column":25},"end":{"line":31,"column":5}},"10":{"start":{"line":30,"column":22},"end":{"line":30,"column":53}},"11":{"start":{"line":32,"column":4},"end":{"line":32,"column":40}},"12":{"start":{"line":37,"column":25},"end":{"line":39,"column":5}},"13":{"start":{"line":38,"column":6},"end":{"line":38,"column":75}},"14":{"start":{"line":41,"column":4},"end":{"line":41,"column":40}},"15":{"start":{"line":44,"column":2},"end":{"line":46,"column":3}},"16":{"start":{"line":45,"column":4},"end":{"line":45,"column":55}},"17":{"start":{"line":51,"column":2},"end":{"line":118,"column":4}},"18":{"start":{"line":72,"column":33},"end":{"line":72,"column":66}},"19":{"start":{"line":90,"column":14},"end":{"line":90,"column":46}},"20":{"start":{"line":104,"column":12},"end":{"line":113,"column":19}}},"fnMap":{"0":{"name":"(anonymous_0)","decl":{"start":{"line":11,"column":13},"end":{"line":11,"column":14}},"loc":{"start":{"line":11,"column":19},"end":{"line":119,"column":1}},"line":11},"1":{"name":"(anonymous_1)","decl":{"start":{"line":23,"column":12},"end":{"line":23,"column":13}},"loc":{"start":{"line":23,"column":18},"end":{"line":25,"column":3}},"line":23},"2":{"name":"filterRestaurant","decl":{"start":{"line":28,"column":11},"end":{"line":28,"column":27}},"loc":{"start":{"line":28,"column":30},"end":{"line":33,"column":3}},"line":28},"3":{"name":"(anonymous_3)","decl":{"start":{"line":30,"column":6},"end":{"line":30,"column":7}},"loc":{"start":{"line":30,"column":22},"end":{"line":30,"column":53}},"line":30},"4":{"name":"searchRestaurant","decl":{"start":{"line":36,"column":11},"end":{"line":36,"column":27}},"loc":{"start":{"line":36,"column":30},"end":{"line":42,"column":3}},"line":36},"5":{"name":"(anonymous_5)","decl":{"start":{"line":37,"column":47},"end":{"line":37,"column":48}},"loc":{"start":{"line":38,"column":6},"end":{"line":38,"column":75}},"line":38},"6":{"name":"(anonymous_6)","decl":{"start":{"line":72,"column":22},"end":{"line":72,"column":23}},"loc":{"start":{"line":72,"column":33},"end":{"line":72,"column":66}},"line":72},"7":{"name":"(anonymous_7)","decl":{"start":{"line":89,"column":22},"end":{"line":89,"column":23}},"loc":{"start":{"line":89,"column":33},"end":{"line":91,"column":13}},"line":89},"8":{"name":"(anonymous_8)","decl":{"start":{"line":103,"column":34},"end":{"line":103,"column":35}},"loc":{"start":{"line":104,"column":12},"end":{"line":113,"column":19}},"line":104}},"branchMap":{"0":{"loc":{"start":{"line":44,"column":2},"end":{"line":46,"column":3}},"type":"if","locations":[{"start":{"line":44,"column":2},"end":{"line":46,"column":3}},{"start":{},"end":{}}],"line":44},"1":{"loc":{"start":{"line":51,"column":9},"end":{"line":118,"column":3}},"type":"cond-expr","locations":[{"start":{"line":52,"column":4},"end":{"line":52,"column":15}},{"start":{"line":54,"column":4},"end":{"line":117,"column":10}}],"line":51},"2":{"loc":{"start":{"line":100,"column":9},"end":{"line":115,"column":9}},"type":"cond-expr","locations":[{"start":{"line":101,"column":10},"end":{"line":101,"column":38}},{"start":{"line":103,"column":10},"end":{"line":114,"column":12}}],"line":100},"3":{"loc":{"start":{"line":108,"column":15},"end":{"line":112,"column":15}},"type":"cond-expr","locations":[{"start":{"line":109,"column":16},"end":{"line":109,"column":57}},{"start":{"line":111,"column":16},"end":{"line":111,"column":55}}],"line":108}},"s":{"0":1,"1":9,"2":9,"3":9,"4":9,"5":9,"6":9,"7":9,"8":4,"9":1,"10":20,"11":1,"12":0,"13":0,"14":0,"15":9,"16":0,"17":9,"18":0,"19":0,"20":47},"f":{"0":9,"1":4,"2":1,"3":20,"4":0,"5":0,"6":0,"7":0,"8":47},"b":{"0":[0,9],"1":[4,5],"2":[2,3],"3":[47,0]},"_coverageSchema":"1a1c01bbd47fc00a2c39e90264f33305004495a9","hash":"4fe6f5b7a7bea9a9861b0705a497a6b3254a62d0"}
,"C:\\Users\\Pooja Singh\\Desktop\\namaste-react\\Ep13 Time for the Test\\Code\\src\\components\\ContactUs.js": {"path":"C:\\Users\\Pooja Singh\\Desktop\\namaste-react\\Ep13 Time for the Test\\Code\\src\\components\\ContactUs.js","statementMap":{"0":{"start":{"line":1,"column":18},"end":{"line":20,"column":1}},"1":{"start":{"line":2,"column":2},"end":{"line":19,"column":4}}},"fnMap":{"0":{"name":"(anonymous_0)","decl":{"start":{"line":1,"column":18},"end":{"line":1,"column":19}},"loc":{"start":{"line":1,"column":24},"end":{"line":20,"column":1}},"line":1}},"branchMap":{},"s":{"0":1,"1":4},"f":{"0":4},"b":{},"_coverageSchema":"1a1c01bbd47fc00a2c39e90264f33305004495a9","hash":"b911d4d60a7abaceabab78504066d79cf88e89f1"}
,"C:\\Users\\Pooja Singh\\Desktop\\namaste-react\\Ep13 Time for the Test\\Code\\src\\components\\Header.js": {"path":"C:\\Users\\Pooja Singh\\Desktop\\namaste-react\\Ep13 Time for the Test\\Code\\src\\components\\Header.js","statementMap":{"0":{"start":{"line":7,"column":15},"end":{"line":55,"column":1}},"1":{"start":{"line":8,"column":16},"end":{"line":8,"column":23}},"2":{"start":{"line":10,"column":34},"end":{"line":10,"column":51}},"3":{"start":{"line":11,"column":23},"end":{"line":11,"column":40}},"4":{"start":{"line":12,"column":27},"end":{"line":12,"column":50}},"5":{"start":{"line":14,"column":2},"end":{"line":14,"column":46}},"6":{"start":{"line":15,"column":2},"end":{"line":54,"column":4}},"7":{"start":{"line":46,"column":12},"end":{"line":46,"column":80}},"8":{"start":{"line":47,"column":12},"end":{"line":47,"column":55}}},"fnMap":{"0":{"name":"(anonymous_0)","decl":{"start":{"line":7,"column":15},"end":{"line":7,"column":16}},"loc":{"start":{"line":7,"column":21},"end":{"line":55,"column":1}},"line":7},"1":{"name":"(anonymous_1)","decl":{"start":{"line":45,"column":19},"end":{"line":45,"column":20}},"loc":{"start":{"line":45,"column":25},"end":{"line":48,"column":11}},"line":45}},"branchMap":{"0":{"loc":{"start":{"line":22,"column":35},"end":{"line":22,"column":60}},"type":"cond-expr","locations":[{"start":{"line":22,"column":50},"end":{"line":22,"column":53}},{"start":{"line":22,"column":56},"end":{"line":22,"column":60}}],"line":22},"1":{"loc":{"start":{"line":46,"column":12},"end":{"line":46,"column":79}},"type":"cond-expr","locations":[{"start":{"line":46,"column":35},"end":{"line":46,"column":56}},{"start":{"line":46,"column":59},"end":{"line":46,"column":79}}],"line":46}},"s":{"0":1,"1":4,"2":4,"3":4,"4":4,"5":4,"6":4,"7":1,"8":1},"f":{"0":4,"1":1},"b":{"0":[4,0],"1":[1,0]},"_coverageSchema":"1a1c01bbd47fc00a2c39e90264f33305004495a9","hash":"bc9f37e142e74ad3222c061ccd876fa9e41e870d"}
,"C:\\Users\\Pooja Singh\\Desktop\\namaste-react\\Ep13 Time for the Test\\Code\\src\\components\\RestaurantCard.js": {"path":"C:\\Users\\Pooja Singh\\Desktop\\namaste-react\\Ep13 Time for the Test\\Code\\src\\components\\RestaurantCard.js","statementMap":{"0":{"start":{"line":3,"column":23},"end":{"line":42,"column":1}},"1":{"start":{"line":5,"column":22},"end":{"line":5,"column":27}},"2":{"start":{"line":13,"column":6},"end":{"line":13,"column":19}},"3":{"start":{"line":16,"column":2},"end":{"line":41,"column":4}},"4":{"start":{"line":46,"column":33},"end":{"line":55,"column":1}},"5":{"start":{"line":47,"column":2},"end":{"line":54,"column":4}},"6":{"start":{"line":48,"column":4},"end":{"line":53,"column":6}},"7":{"start":{"line":57,"column":24},"end":{"line":68,"column":1}},"8":{"start":{"line":58,"column":2},"end":{"line":67,"column":4}},"9":{"start":{"line":59,"column":4},"end":{"line":66,"column":6}}},"fnMap":{"0":{"name":"(anonymous_0)","decl":{"start":{"line":3,"column":23},"end":{"line":3,"column":24}},"loc":{"start":{"line":3,"column":34},"end":{"line":42,"column":1}},"line":3},"1":{"name":"(anonymous_1)","decl":{"start":{"line":46,"column":33},"end":{"line":46,"column":34}},"loc":{"start":{"line":46,"column":53},"end":{"line":55,"column":1}},"line":46},"2":{"name":"(anonymous_2)","decl":{"start":{"line":47,"column":9},"end":{"line":47,"column":10}},"loc":{"start":{"line":47,"column":15},"end":{"line":54,"column":3}},"line":47},"3":{"name":"(anonymous_3)","decl":{"start":{"line":57,"column":24},"end":{"line":57,"column":25}},"loc":{"start":{"line":57,"column":44},"end":{"line":68,"column":1}},"line":57},"4":{"name":"(anonymous_4)","decl":{"start":{"line":58,"column":9},"end":{"line":58,"column":10}},"loc":{"start":{"line":58,"column":20},"end":{"line":67,"column":3}},"line":58}},"branchMap":{},"s":{"0":1,"1":47,"2":47,"3":47,"4":1,"5":0,"6":0,"7":1,"8":9,"9":47},"f":{"0":47,"1":0,"2":0,"3":9,"4":47},"b":{},"_coverageSchema":"1a1c01bbd47fc00a2c39e90264f33305004495a9","hash":"9d50d0267adaf2731a942a317bfa43dcd8b22d19"}
,"C:\\Users\\Pooja Singh\\Desktop\\namaste-react\\Ep13 Time for the Test\\Code\\src\\components\\Shimmer.js": {"path":"C:\\Users\\Pooja Singh\\Desktop\\namaste-react\\Ep13 Time for the Test\\Code\\src\\components\\Shimmer.js","statementMap":{"0":{"start":{"line":1,"column":16},"end":{"line":17,"column":1}},"1":{"start":{"line":2,"column":2},"end":{"line":16,"column":4}}},"fnMap":{"0":{"name":"(anonymous_0)","decl":{"start":{"line":1,"column":16},"end":{"line":1,"column":17}},"loc":{"start":{"line":1,"column":22},"end":{"line":17,"column":1}},"line":1}},"branchMap":{},"s":{"0":1,"1":4},"f":{"0":4},"b":{},"_coverageSchema":"1a1c01bbd47fc00a2c39e90264f33305004495a9","hash":"3183dbbcd3cc42387e750a3e422e843a393b1f23"}
,"C:\\Users\\Pooja Singh\\Desktop\\namaste-react\\Ep13 Time for the Test\\Code\\src\\components\\sum.js": {"path":"C:\\Users\\Pooja Singh\\Desktop\\namaste-react\\Ep13 Time for the Test\\Code\\src\\components\\sum.js","statementMap":{"0":{"start":{"line":1,"column":19},"end":{"line":3,"column":1}},"1":{"start":{"line":2,"column":2},"end":{"line":2,"column":15}}},"fnMap":{"0":{"name":"(anonymous_0)","decl":{"start":{"line":1,"column":19},"end":{"line":1,"column":20}},"loc":{"start":{"line":1,"column":29},"end":{"line":3,"column":1}},"line":1}},"branchMap":{},"s":{"0":1,"1":1},"f":{"0":1},"b":{},"_coverageSchema":"1a1c01bbd47fc00a2c39e90264f33305004495a9","hash":"cdb1a4a7a798fd31de44b5d413162956c16927b3"}
,"C:\\Users\\Pooja Singh\\Desktop\\namaste-react\\Ep13 Time for the Test\\Code\\src\\utlis\\UserContext.js": {"path":"C:\\Users\\Pooja Singh\\Desktop\\namaste-react\\Ep13 Time for the Test\\Code\\src\\utlis\\UserContext.js","statementMap":{"0":{"start":{"line":3,"column":20},"end":{"line":5,"column":2}}},"fnMap":{},"branchMap":{},"s":{"0":2},"f":{},"b":{},"_coverageSchema":"1a1c01bbd47fc00a2c39e90264f33305004495a9","hash":"293f4d1965d57f5c9cd5684e61aa2e9b585ac52c"}
,"C:\\Users\\Pooja Singh\\Desktop\\namaste-react\\Ep13 Time for the Test\\Code\\src\\utlis\\constants.js": {"path":"C:\\Users\\Pooja Singh\\Desktop\\namaste-react\\Ep13 Time for the Test\\Code\\src\\utlis\\constants.js","statementMap":{"0":{"start":{"line":2,"column":2},"end":{"line":2,"column":98}},"1":{"start":{"line":5,"column":2},"end":{"line":5,"column":116}},"2":{"start":{"line":8,"column":2},"end":{"line":8,"column":155}}},"fnMap":{},"branchMap":{},"s":{"0":1,"1":1,"2":1},"f":{},"b":{},"_coverageSchema":"1a1c01bbd47fc00a2c39e90264f33305004495a9","hash":"42f77a6959b0b9483097078681f64f84aab1bca9"}
,"C:\\Users\\Pooja Singh\\Desktop\\namaste-react\\Ep13 Time for the Test\\Code\\src\\utlis\\useOnlineStatus.js": {"path":"C:\\Users\\Pooja Singh\\Desktop\\namaste-react\\Ep13 Time for the Test\\Code\\src\\utlis\\useOnlineStatus.js","statementMap":{"0":{"start":{"line":3,"column":24},"end":{"line":20,"column":1}},"1":{"start":{"line":5,"column":42},"end":{"line":5,"column":56}},"2":{"start":{"line":8,"column":2},"end":{"line":16,"column":9}},"3":{"start":{"line":9,"column":4},"end":{"line":11,"column":7}},"4":{"start":{"line":10,"column":6},"end":{"line":10,"column":29}},"5":{"start":{"line":13,"column":4},"end":{"line":15,"column":7}},"6":{"start":{"line":14,"column":6},"end":{"line":14,"column":28}},"7":{"start":{"line":19,"column":2},"end":{"line":19,"column":22}}},"fnMap":{"0":{"name":"(anonymous_0)","decl":{"start":{"line":3,"column":24},"end":{"line":3,"column":25}},"loc":{"start":{"line":3,"column":30},"end":{"line":20,"column":1}},"line":3},"1":{"name":"(anonymous_1)","decl":{"start":{"line":8,"column":12},"end":{"line":8,"column":13}},"loc":{"start":{"line":8,"column":18},"end":{"line":16,"column":3}},"line":8},"2":{"name":"(anonymous_2)","decl":{"start":{"line":9,"column":39},"end":{"line":9,"column":40}},"loc":{"start":{"line":9,"column":45},"end":{"line":11,"column":5}},"line":9},"3":{"name":"(anonymous_3)","decl":{"start":{"line":13,"column":38},"end":{"line":13,"column":39}},"loc":{"start":{"line":13,"column":44},"end":{"line":15,"column":5}},"line":13}},"branchMap":{},"s":{"0":2,"1":13,"2":13,"3":5,"4":0,"5":5,"6":0,"7":13},"f":{"0":13,"1":5,"2":0,"3":0},"b":{},"_coverageSchema":"1a1c01bbd47fc00a2c39e90264f33305004495a9","hash":"5d8471d7cdb6623bfc1b4013c99e433743bb23e7"}
,"C:\\Users\\Pooja Singh\\Desktop\\namaste-react\\Ep13 Time for the Test\\Code\\src\\utlis\\useRestaurantList.js": {"path":"C:\\Users\\Pooja Singh\\Desktop\\namaste-react\\Ep13 Time for the Test\\Code\\src\\utlis\\useRestaurantList.js","statementMap":{"0":{"start":{"line":4,"column":26},"end":{"line":36,"column":1}},"1":{"start":{"line":7,"column":46},"end":{"line":7,"column":58}},"2":{"start":{"line":13,"column":2},"end":{"line":17,"column":9}},"3":{"start":{"line":14,"column":4},"end":{"line":14,"column":63}},"4":{"start":{"line":15,"column":4},"end":{"line":15,"column":26}},"5":{"start":{"line":16,"column":4},"end":{"line":16,"column":55}},"6":{"start":{"line":19,"column":30},"end":{"line":33,"column":3}},"7":{"start":{"line":20,"column":4},"end":{"line":20,"column":45}},"8":{"start":{"line":21,"column":17},"end":{"line":21,"column":42}},"9":{"start":{"line":23,"column":4},"end":{"line":23,"column":40}},"10":{"start":{"line":24,"column":21},"end":{"line":24,"column":38}},"11":{"start":{"line":27,"column":6},"end":{"line":28,"column":21}},"12":{"start":{"line":30,"column":4},"end":{"line":30,"column":49}},"13":{"start":{"line":32,"column":4},"end":{"line":32,"column":35}},"14":{"start":{"line":35,"column":2},"end":{"line":35,"column":24}}},"fnMap":{"0":{"name":"(anonymous_0)","decl":{"start":{"line":4,"column":26},"end":{"line":4,"column":27}},"loc":{"start":{"line":4,"column":32},"end":{"line":36,"column":1}},"line":4},"1":{"name":"(anonymous_1)","decl":{"start":{"line":13,"column":12},"end":{"line":13,"column":13}},"loc":{"start":{"line":13,"column":18},"end":{"line":17,"column":3}},"line":13},"2":{"name":"(anonymous_2)","decl":{"start":{"line":19,"column":30},"end":{"line":19,"column":31}},"loc":{"start":{"line":19,"column":42},"end":{"line":33,"column":3}},"line":19}},"branchMap":{},"s":{"0":1,"1":9,"2":9,"3":2,"4":2,"5":2,"6":9,"7":2,"8":2,"9":2,"10":2,"11":2,"12":2,"13":2,"14":9},"f":{"0":9,"1":2,"2":2},"b":{},"_coverageSchema":"1a1c01bbd47fc00a2c39e90264f33305004495a9","hash":"7e1ded93d55c8eef86bd278ca7bf56bddcea9349"}
}
