TN:
SF:src\components\Body.js
FN:11,(anonymous_0)
FN:23,(anonymous_1)
FN:28,filterRestaurant
FN:30,(anonymous_3)
FN:36,searchRestaurant
FN:37,(anonymous_5)
FN:72,(anonymous_6)
FN:89,(anonymous_7)
FN:103,(anonymous_8)
FNF:9
FNH:5
FNDA:9,(anonymous_0)
FNDA:4,(anonymous_1)
FNDA:1,filterRestaurant
FNDA:20,(anonymous_3)
FNDA:0,searchRestaurant
FNDA:0,(anonymous_5)
FNDA:0,(anonymous_6)
FNDA:0,(anonymous_7)
FNDA:47,(anonymous_8)
DA:11,1
DA:13,9
DA:15,9
DA:17,9
DA:18,9
DA:19,9
DA:21,9
DA:23,9
DA:24,4
DA:29,1
DA:30,20
DA:32,1
DA:37,0
DA:38,0
DA:41,0
DA:44,9
DA:45,0
DA:51,9
DA:72,0
DA:90,0
DA:104,47
LF:21
LH:15
BRDA:44,0,0,0
BRDA:44,0,1,9
BRDA:51,1,0,4
BRDA:51,1,1,5
BRDA:100,2,0,2
BRDA:100,2,1,3
BRDA:108,3,0,47
BRDA:108,3,1,0
BRF:8
BRH:6
end_of_record
TN:
SF:src\components\ContactUs.js
FN:1,(anonymous_0)
FNF:1
FNH:1
FNDA:4,(anonymous_0)
DA:1,1
DA:2,4
LF:2
LH:2
BRF:0
BRH:0
end_of_record
TN:
SF:src\components\Header.js
FN:7,(anonymous_0)
FN:45,(anonymous_1)
FNF:2
FNH:2
FNDA:4,(anonymous_0)
FNDA:1,(anonymous_1)
DA:7,1
DA:8,4
DA:10,4
DA:11,4
DA:12,4
DA:14,4
DA:15,4
DA:46,1
DA:47,1
LF:9
LH:9
BRDA:22,0,0,4
BRDA:22,0,1,0
BRDA:46,1,0,1
BRDA:46,1,1,0
BRF:4
BRH:2
end_of_record
TN:
SF:src\components\RestaurantCard.js
FN:3,(anonymous_0)
FN:46,(anonymous_1)
FN:47,(anonymous_2)
FN:57,(anonymous_3)
FN:58,(anonymous_4)
FNF:5
FNH:3
FNDA:47,(anonymous_0)
FNDA:0,(anonymous_1)
FNDA:0,(anonymous_2)
FNDA:9,(anonymous_3)
FNDA:47,(anonymous_4)
DA:3,1
DA:5,47
DA:13,47
DA:16,47
DA:46,1
DA:47,0
DA:48,0
DA:57,1
DA:58,9
DA:59,47
LF:10
LH:8
BRF:0
BRH:0
end_of_record
TN:
SF:src\components\Shimmer.js
FN:1,(anonymous_0)
FNF:1
FNH:1
FNDA:4,(anonymous_0)
DA:1,1
DA:2,4
LF:2
LH:2
BRF:0
BRH:0
end_of_record
TN:
SF:src\components\sum.js
FN:1,(anonymous_0)
FNF:1
FNH:1
FNDA:1,(anonymous_0)
DA:1,1
DA:2,1
LF:2
LH:2
BRF:0
BRH:0
end_of_record
TN:
SF:src\utlis\UserContext.js
FNF:0
FNH:0
DA:3,2
LF:1
LH:1
BRF:0
BRH:0
end_of_record
TN:
SF:src\utlis\constants.js
FNF:0
FNH:0
DA:2,1
DA:5,1
DA:8,1
LF:3
LH:3
BRF:0
BRH:0
end_of_record
TN:
SF:src\utlis\useOnlineStatus.js
FN:3,(anonymous_0)
FN:8,(anonymous_1)
FN:9,(anonymous_2)
FN:13,(anonymous_3)
FNF:4
FNH:2
FNDA:13,(anonymous_0)
FNDA:5,(anonymous_1)
FNDA:0,(anonymous_2)
FNDA:0,(anonymous_3)
DA:3,2
DA:5,13
DA:8,13
DA:9,5
DA:10,0
DA:13,5
DA:14,0
DA:19,13
LF:8
LH:6
BRF:0
BRH:0
end_of_record
TN:
SF:src\utlis\useRestaurantList.js
FN:4,(anonymous_0)
FN:13,(anonymous_1)
FN:19,(anonymous_2)
FNF:3
FNH:3
FNDA:9,(anonymous_0)
FNDA:2,(anonymous_1)
FNDA:2,(anonymous_2)
DA:4,1
DA:7,9
DA:13,9
DA:14,2
DA:15,2
DA:16,2
DA:19,9
DA:20,2
DA:21,2
DA:23,2
DA:24,2
DA:27,2
DA:30,2
DA:32,2
DA:35,9
LF:15
LH:15
BRF:0
BRH:0
end_of_record
